This is pdfTeX, Version 3.14159265-2.6-1.40.16 (TeX Live 2015/Debian) (preloaded format=pdflatex 2018.3.14)  17 MAR 2018 13:51
entering extended mode
 restricted \write18 enabled.
 %&-line parsing enabled.
**DJets_pPbrun2_ALICE_analysisNote.tex
(./DJets_pPbrun2_ALICE_analysisNote.tex
LaTeX2e <2016/02/01>
Babel <3.9q> and hyphenation patterns for 81 language(s) loaded.
(./ALICE_analysis_notes.cls
Document Style 'cernphprep'. Version <1.06>, <8 July 2010>

LaTeX Warning: You have requested document class `ALICE_analysis_notes',
               but the document class provides `cernphprep'.

Document Class: cernphprep 2010/07/08
(/usr/share/texlive/texmf-dist/tex/latex/base/article.cls
Document Class: article 2014/09/29 v1.4h Standard LaTeX document class
(/usr/share/texlive/texmf-dist/tex/latex/base/size11.clo
File: size11.clo 2014/09/29 v1.4h Standard LaTeX file (size option)
)
\c@part=\count79
\c@section=\count80
\c@subsection=\count81
\c@subsubsection=\count82
\c@paragraph=\count83
\c@subparagraph=\count84
\c@figure=\count85
\c@table=\count86
\abovecaptionskip=\skip41
\belowcaptionskip=\skip42
\bibindent=\dimen102
)
(/usr/share/texlive/texmf-dist/tex/latex/psnfss/mathptmx.sty
Package: mathptmx 2005/04/12 PSNFSS-v9.2a Times w/ Math, improved (SPQR, WaS) 
LaTeX Font Info:    Redeclaring symbol font `operators' on input line 28.
LaTeX Font Info:    Overwriting symbol font `operators' in version `normal'
(Font)                  OT1/cmr/m/n --> OT1/ztmcm/m/n on input line 28.
LaTeX Font Info:    Overwriting symbol font `operators' in version `bold'
(Font)                  OT1/cmr/bx/n --> OT1/ztmcm/m/n on input line 28.
LaTeX Font Info:    Redeclaring symbol font `letters' on input line 29.
LaTeX Font Info:    Overwriting symbol font `letters' in version `normal'
(Font)                  OML/cmm/m/it --> OML/ztmcm/m/it on input line 29.
LaTeX Font Info:    Overwriting symbol font `letters' in version `bold'
(Font)                  OML/cmm/b/it --> OML/ztmcm/m/it on input line 29.
LaTeX Font Info:    Redeclaring symbol font `symbols' on input line 30.
LaTeX Font Info:    Overwriting symbol font `symbols' in version `normal'
(Font)                  OMS/cmsy/m/n --> OMS/ztmcm/m/n on input line 30.
LaTeX Font Info:    Overwriting symbol font `symbols' in version `bold'
(Font)                  OMS/cmsy/b/n --> OMS/ztmcm/m/n on input line 30.
LaTeX Font Info:    Redeclaring symbol font `largesymbols' on input line 31.
LaTeX Font Info:    Overwriting symbol font `largesymbols' in version `normal'
(Font)                  OMX/cmex/m/n --> OMX/ztmcm/m/n on input line 31.
LaTeX Font Info:    Overwriting symbol font `largesymbols' in version `bold'
(Font)                  OMX/cmex/m/n --> OMX/ztmcm/m/n on input line 31.
\symbold=\mathgroup4
\symitalic=\mathgroup5
LaTeX Font Info:    Redeclaring math alphabet \mathbf on input line 34.
LaTeX Font Info:    Overwriting math alphabet `\mathbf' in version `normal'
(Font)                  OT1/cmr/bx/n --> OT1/ptm/bx/n on input line 34.
LaTeX Font Info:    Overwriting math alphabet `\mathbf' in version `bold'
(Font)                  OT1/cmr/bx/n --> OT1/ptm/bx/n on input line 34.
LaTeX Font Info:    Redeclaring math alphabet \mathit on input line 35.
LaTeX Font Info:    Overwriting math alphabet `\mathit' in version `normal'
(Font)                  OT1/cmr/m/it --> OT1/ptm/m/it on input line 35.
LaTeX Font Info:    Overwriting math alphabet `\mathit' in version `bold'
(Font)                  OT1/cmr/bx/it --> OT1/ptm/m/it on input line 35.
LaTeX Info: Redefining \hbar on input line 50.
)
(/usr/share/texlive/texmf-dist/tex/latex/graphics/graphicx.sty
Package: graphicx 2014/10/28 v1.0g Enhanced LaTeX Graphics (DPC,SPQR)

(/usr/share/texlive/texmf-dist/tex/latex/graphics/keyval.sty
Package: keyval 2014/10/28 v1.15 key=value parser (DPC)
\KV@toks@=\toks14
)
(/usr/share/texlive/texmf-dist/tex/latex/graphics/graphics.sty
Package: graphics 2016/01/03 v1.0q Standard LaTeX Graphics (DPC,SPQR)

(/usr/share/texlive/texmf-dist/tex/latex/graphics/trig.sty
Package: trig 2016/01/03 v1.10 sin cos tan (DPC)
)
(/usr/share/texlive/texmf-dist/tex/latex/latexconfig/graphics.cfg
File: graphics.cfg 2010/04/23 v1.9 graphics configuration of TeX Live
)
Package graphics Info: Driver file: pdftex.def on input line 95.

(/usr/share/texlive/texmf-dist/tex/latex/pdftex-def/pdftex.def
File: pdftex.def 2011/05/27 v0.06d Graphics/color for pdfTeX

(/usr/share/texlive/texmf-dist/tex/generic/oberdiek/infwarerr.sty
Package: infwarerr 2010/04/08 v1.3 Providing info/warning/error messages (HO)
)
(/usr/share/texlive/texmf-dist/tex/generic/oberdiek/ltxcmds.sty
Package: ltxcmds 2011/11/09 v1.22 LaTeX kernel commands for general use (HO)
)
\Gread@gobject=\count87
))
\Gin@req@height=\dimen103
\Gin@req@width=\dimen104
)
(/usr/share/texlive/texmf-dist/tex/latex/amsmath/amsmath.sty
Package: amsmath 2016/03/03 v2.15a AMS math features
\@mathmargin=\skip43

For additional information on amsmath, use the `?' option.
(/usr/share/texlive/texmf-dist/tex/latex/amsmath/amstext.sty
Package: amstext 2000/06/29 v2.01 AMS text

(/usr/share/texlive/texmf-dist/tex/latex/amsmath/amsgen.sty
File: amsgen.sty 1999/11/30 v2.0 generic functions
\@emptytoks=\toks15
\ex@=\dimen105
))
(/usr/share/texlive/texmf-dist/tex/latex/amsmath/amsbsy.sty
Package: amsbsy 1999/11/29 v1.2d Bold Symbols
\pmbraise@=\dimen106
)
(/usr/share/texlive/texmf-dist/tex/latex/amsmath/amsopn.sty
Package: amsopn 1999/12/14 v2.01 operator names
)
\inf@bad=\count88
LaTeX Info: Redefining \frac on input line 199.
\uproot@=\count89
\leftroot@=\count90
LaTeX Info: Redefining \overline on input line 297.
\classnum@=\count91
\DOTSCASE@=\count92
LaTeX Info: Redefining \ldots on input line 394.
LaTeX Info: Redefining \dots on input line 397.
LaTeX Info: Redefining \cdots on input line 518.
\Mathstrutbox@=\box26
\strutbox@=\box27
\big@size=\dimen107
LaTeX Font Info:    Redeclaring font encoding OML on input line 630.
LaTeX Font Info:    Redeclaring font encoding OMS on input line 631.
\macc@depth=\count93
\c@MaxMatrixCols=\count94
\dotsspace@=\muskip10
\c@parentequation=\count95
\dspbrk@lvl=\count96
\tag@help=\toks16
\row@=\count97
\column@=\count98
\maxfields@=\count99
\andhelp@=\toks17
\eqnshift@=\dimen108
\alignsep@=\dimen109
\tagshift@=\dimen110
\tagwidth@=\dimen111
\totwidth@=\dimen112
\lineht@=\dimen113
\@envbody=\toks18
\multlinegap=\skip44
\multlinetaggap=\skip45
\mathdisplay@stack=\toks19
LaTeX Info: Redefining \[ on input line 2735.
LaTeX Info: Redefining \] on input line 2736.
)
(/usr/share/texlive/texmf-dist/tex/latex/amsfonts/amssymb.sty
Package: amssymb 2013/01/14 v3.01 AMS font symbols

(/usr/share/texlive/texmf-dist/tex/latex/amsfonts/amsfonts.sty
Package: amsfonts 2013/01/14 v3.01 Basic AMSFonts support
\symAMSa=\mathgroup6
\symAMSb=\mathgroup7
LaTeX Font Info:    Overwriting math alphabet `\mathfrak' in version `bold'
(Font)                  U/euf/m/n --> U/euf/b/n on input line 106.
))
(/usr/share/texlive/texmf-dist/tex/latex/tools/array.sty
Package: array 2014/10/28 v2.4c Tabular extension package (FMi)
\col@sep=\dimen114
\extrarowheight=\dimen115
\NC@list=\toks20
\extratabsurround=\skip46
\backup@length=\skip47
)
(/usr/share/texlive/texmf-dist/tex/latex/tools/tabularx.sty
Package: tabularx 2014/10/28 v2.10 `tabularx' package (DPC)
\TX@col@width=\dimen116
\TX@old@table=\dimen117
\TX@old@col=\dimen118
\TX@target=\dimen119
\TX@delta=\dimen120
\TX@cols=\count100
\TX@ftn=\toks21
)
(/usr/share/texlive/texmf-dist/tex/latex/url/url.sty
\Urlmuskip=\muskip11
Package: url 2013/09/16  ver 3.4  Verb mode for urls, etc.
)
(/usr/share/texlive/texmf-dist/tex/latex/tools/xspace.sty
Package: xspace 2014/10/28 v1.13 Space after command names (DPC,MH)
)
(/usr/share/texlive/texmf-dist/tex/latex/base/ifthen.sty
Package: ifthen 2014/09/29 v1.1c Standard LaTeX ifthen package (DPC)
)
Document Class "ALICE_analysis_notes" 1.06 (8 July 2010)
\c@instfoot=\count101
(/usr/share/texlive/texmf-dist/tex/latex/truncate/truncate.sty
Package: truncate 2001/08/20  ver 3.6
\@Trunc@RestHyph=\toks22
)
(/usr/share/texlive/texmf-dist/tex/latex/fancyhdr/fancyhdr.sty
\fancy@headwidth=\skip48
\f@ncyO@elh=\skip49
\f@ncyO@erh=\skip50
\f@ncyO@olh=\skip51
\f@ncyO@orh=\skip52
\f@ncyO@elf=\skip53
\f@ncyO@erf=\skip54
\f@ncyO@olf=\skip55
\f@ncyO@orf=\skip56
))
(./commands.tex) (/usr/share/texlive/texmf-dist/tex/latex/rotating/rotating.sty
Package: rotating 2009/03/28 v2.16a rotated objects in LaTeX
\c@r@tfl@t=\count102
\rotFPtop=\skip57
\rotFPbot=\skip58
\rot@float@box=\box28
\rot@mess@toks=\toks23
) (/usr/share/texlive/texmf-dist/tex/latex/float/float.sty
Package: float 2001/11/08 v1.3d Float enhancements (AL)
\c@float@type=\count103
\float@exts=\toks24
\float@box=\box29
\@float@everytoks=\toks25
\@floatcapt=\box30
)
(/usr/share/texlive/texmf-dist/tex/latex/listings/listings.sty
\lst@mode=\count104
\lst@gtempboxa=\box31
\lst@token=\toks26
\lst@length=\count105
\lst@currlwidth=\dimen121
\lst@column=\count106
\lst@pos=\count107
\lst@lostspace=\dimen122
\lst@width=\dimen123
\lst@newlines=\count108
\lst@lineno=\count109
\lst@maxwidth=\dimen124

(/usr/share/texlive/texmf-dist/tex/latex/listings/lstmisc.sty
File: lstmisc.sty 2015/06/04 1.6 (Carsten Heinz)
\c@lstnumber=\count110
\lst@skipnumbers=\count111
\lst@framebox=\box32
)
(/usr/share/texlive/texmf-dist/tex/latex/listings/listings.cfg
File: listings.cfg 2015/06/04 1.6 listings configuration
))
Package: listings 2015/06/04 1.6 (Carsten Heinz)

(/usr/share/texlive/texmf-dist/tex/latex/multirow/multirow.sty
\bigstrutjot=\dimen125
)
(/usr/share/texlive/texmf-dist/tex/latex/easylist/easylist.sty
Package: easylist 2014/01/11 v.1.4 Numbered items with a single command.
\el@CounterTotal=\count112
\el@Scratch=\count113
\el@ControlCounter=\count114
\el@CounterLevel=\count115
\c@List1=\count116
\c@List2=\count117
\c@List3=\count118
\c@List4=\count119
\c@List5=\count120
\c@List6=\count121
\c@List7=\count122
\c@List8=\count123
\c@List9=\count124
\c@List10=\count125
\el@ProgressiveDimension=\dimen126
\el@CounterBox=\box33
\el@ControlBox=\box34
\el@TotalMargin=\dimen127
\el@LeftMove=\dimen128
)
(/usr/share/texlive/texmf-dist/tex/latex/hyperref/hyperref.sty
Package: hyperref 2012/11/06 v6.83m Hypertext links for LaTeX

(/usr/share/texlive/texmf-dist/tex/generic/oberdiek/hobsub-hyperref.sty
Package: hobsub-hyperref 2012/05/28 v1.13 Bundle oberdiek, subset hyperref (HO)


(/usr/share/texlive/texmf-dist/tex/generic/oberdiek/hobsub-generic.sty
Package: hobsub-generic 2012/05/28 v1.13 Bundle oberdiek, subset generic (HO)
Package: hobsub 2012/05/28 v1.13 Construct package bundles (HO)
Package hobsub Info: Skipping package `infwarerr' (already loaded).
Package hobsub Info: Skipping package `ltxcmds' (already loaded).
Package: ifluatex 2010/03/01 v1.3 Provides the ifluatex switch (HO)
Package ifluatex Info: LuaTeX not detected.
Package: ifvtex 2010/03/01 v1.5 Detect VTeX and its facilities (HO)
Package ifvtex Info: VTeX not detected.
Package: intcalc 2007/09/27 v1.1 Expandable calculations with integers (HO)
Package: ifpdf 2011/01/30 v2.3 Provides the ifpdf switch (HO)
Package ifpdf Info: pdfTeX in PDF mode is detected.
Package: etexcmds 2011/02/16 v1.5 Avoid name clashes with e-TeX commands (HO)
Package etexcmds Info: Could not find \expanded.
(etexcmds)             That can mean that you are not using pdfTeX 1.50 or
(etexcmds)             that some package has redefined \expanded.
(etexcmds)             In the latter case, load this package earlier.
Package: kvsetkeys 2012/04/25 v1.16 Key value parser (HO)
Package: kvdefinekeys 2011/04/07 v1.3 Define keys (HO)
Package: pdftexcmds 2011/11/29 v0.20 Utility functions of pdfTeX for LuaTeX (HO
)
Package pdftexcmds Info: LuaTeX not detected.
Package pdftexcmds Info: \pdf@primitive is available.
Package pdftexcmds Info: \pdf@ifprimitive is available.
Package pdftexcmds Info: \pdfdraftmode found.
Package: pdfescape 2011/11/25 v1.13 Implements pdfTeX's escape features (HO)
Package: bigintcalc 2012/04/08 v1.3 Expandable calculations on big integers (HO
)
Package: bitset 2011/01/30 v1.1 Handle bit-vector datatype (HO)
Package: uniquecounter 2011/01/30 v1.2 Provide unlimited unique counter (HO)
)
Package hobsub Info: Skipping package `hobsub' (already loaded).
Package: letltxmacro 2010/09/02 v1.4 Let assignment for LaTeX macros (HO)
Package: hopatch 2012/05/28 v1.2 Wrapper for package hooks (HO)
Package: xcolor-patch 2011/01/30 xcolor patch
Package: atveryend 2011/06/30 v1.8 Hooks at the very end of document (HO)
Package atveryend Info: \enddocument detected (standard20110627).
Package: atbegshi 2011/10/05 v1.16 At begin shipout hook (HO)
Package: refcount 2011/10/16 v3.4 Data extraction from label references (HO)
Package: hycolor 2011/01/30 v1.7 Color options for hyperref/bookmark (HO)
)
(/usr/share/texlive/texmf-dist/tex/generic/ifxetex/ifxetex.sty
Package: ifxetex 2010/09/12 v0.6 Provides ifxetex conditional
)
(/usr/share/texlive/texmf-dist/tex/latex/oberdiek/auxhook.sty
Package: auxhook 2011/03/04 v1.3 Hooks for auxiliary files (HO)
)
(/usr/share/texlive/texmf-dist/tex/latex/oberdiek/kvoptions.sty
Package: kvoptions 2011/06/30 v3.11 Key value format for package options (HO)
)
\@linkdim=\dimen129
\Hy@linkcounter=\count126
\Hy@pagecounter=\count127

(/usr/share/texlive/texmf-dist/tex/latex/hyperref/pd1enc.def
File: pd1enc.def 2012/11/06 v6.83m Hyperref: PDFDocEncoding definition (HO)
)
\Hy@SavedSpaceFactor=\count128

(/usr/share/texlive/texmf-dist/tex/latex/latexconfig/hyperref.cfg
File: hyperref.cfg 2002/06/06 v1.2 hyperref configuration of TeXLive
)
Package hyperref Info: Hyper figures OFF on input line 4443.
Package hyperref Info: Link nesting OFF on input line 4448.
Package hyperref Info: Hyper index ON on input line 4451.
Package hyperref Info: Plain pages OFF on input line 4458.
Package hyperref Info: Backreferencing OFF on input line 4463.
Package hyperref Info: Implicit mode ON; LaTeX internals redefined.
Package hyperref Info: Bookmarks ON on input line 4688.
\c@Hy@tempcnt=\count129
LaTeX Info: Redefining \url on input line 5041.
\XeTeXLinkMargin=\dimen130
\Fld@menulength=\count130
\Field@Width=\dimen131
\Fld@charsize=\dimen132
Package hyperref Info: Hyper figures OFF on input line 6295.
Package hyperref Info: Link nesting OFF on input line 6300.
Package hyperref Info: Hyper index ON on input line 6303.
Package hyperref Info: backreferencing OFF on input line 6310.
Package hyperref Info: Link coloring OFF on input line 6315.
Package hyperref Info: Link coloring with OCG OFF on input line 6320.
Package hyperref Info: PDF/A mode OFF on input line 6325.
LaTeX Info: Redefining \ref on input line 6365.
LaTeX Info: Redefining \pageref on input line 6369.
\Hy@abspage=\count131
\c@Item=\count132
\c@Hfootnote=\count133
)

Package hyperref Message: Driver (autodetected): hpdftex.

(/usr/share/texlive/texmf-dist/tex/latex/hyperref/hpdftex.def
File: hpdftex.def 2012/11/06 v6.83m Hyperref driver for pdfTeX
\Fld@listcount=\count134
\c@bookmark@seq@number=\count135

(/usr/share/texlive/texmf-dist/tex/latex/oberdiek/rerunfilecheck.sty
Package: rerunfilecheck 2011/04/15 v1.7 Rerun checks for auxiliary files (HO)
Package uniquecounter Info: New unique counter `rerunfilecheck' on input line 2
82.
)
\Hy@SectionHShift=\skip59
)
(/usr/share/texlive/texmf-dist/tex/latex/comment/comment.sty
\CommentStream=\write3

Excluding comment 'comment')
(/usr/share/texlive/texmf-dist/tex/latex/tools/bm.sty
Package: bm 2014/10/28 v1.1c Bold Symbol Support (DPC/FMi)
LaTeX Info: Redefining \bm on input line 207.
)
(/usr/share/texlive/texmf-dist/tex/latex/caption/subcaption.sty
Package: subcaption 2016/02/20 v1.1-142 Sub-captions (AR)

(/usr/share/texlive/texmf-dist/tex/latex/caption/caption.sty
Package: caption 2016/02/21 v3.3-144 Customizing captions (AR)

(/usr/share/texlive/texmf-dist/tex/latex/caption/caption3.sty
Package: caption3 2016/02/04 v1.7-139 caption3 kernel (AR)
Package caption3 Info: TeX engine: e-TeX on input line 67.
\captionmargin=\dimen133
\captionmargin@=\dimen134
\captionwidth=\dimen135
\caption@tempdima=\dimen136
\caption@indent=\dimen137
\caption@parindent=\dimen138
\caption@hangindent=\dimen139
Package caption Info: Unknown document class (or package),
(caption)             standard defaults will be used.
)

Package caption Warning: Unsupported document class (or package) detected,
(caption)                usage of the caption package is not recommended.
See the caption package documentation for explanation.

Package caption Info: \@makecaption = \long macro:#1#2->\vskip \abovecaptionski
p \sbox \@tempboxa {{\small \textbf {#1:} #2}}\ifdim \wd \@tempboxa >\hsize {\s
mall \textbf {#1:} #2}\par \else \global \@minipagefalse \hbox to\hsize {\hfil 
\box \@tempboxa \hfil }\fi \vskip \belowcaptionskip .
\c@ContinuedFloat=\count136
Package caption Info: float package is loaded.
Package caption Info: hyperref package is loaded.
Package caption Info: listings package is loaded.
Package caption Info: rotating package is loaded.
)
\c@subfigure=\count137
\c@subtable=\count138
) (/usr/share/texlive/texmf-dist/tex/latex/placeins/placeins.sty
Package: placeins 2005/04/18  v 2.2
)
(/usr/share/texlive/texmf-dist/tex/latex/graphics/color.sty
Package: color 2016/01/03 v1.1b Standard LaTeX Color (DPC)

(/usr/share/texlive/texmf-dist/tex/latex/latexconfig/color.cfg
File: color.cfg 2007/01/18 v1.5 color configuration of teTeX/TeXLive
)
Package color Info: Driver file: pdftex.def on input line 143.
)
(./DJets_pPbrun2_ALICE_analysisNote.aux

LaTeX Warning: Label `fig:JetPtSys' multiply defined.


LaTeX Warning: Label `fig:JESsys' multiply defined.


LaTeX Warning: Label `fig:pPbJetPt_final_wpp' multiply defined.

)
\openout1 = `DJets_pPbrun2_ALICE_analysisNote.aux'.

LaTeX Font Info:    Checking defaults for OML/cmm/m/it on input line 17.
LaTeX Font Info:    ... okay on input line 17.
LaTeX Font Info:    Checking defaults for T1/cmr/m/n on input line 17.
LaTeX Font Info:    ... okay on input line 17.
LaTeX Font Info:    Checking defaults for OT1/cmr/m/n on input line 17.
LaTeX Font Info:    ... okay on input line 17.
LaTeX Font Info:    Checking defaults for OMS/cmsy/m/n on input line 17.
LaTeX Font Info:    ... okay on input line 17.
LaTeX Font Info:    Checking defaults for OMX/cmex/m/n on input line 17.
LaTeX Font Info:    ... okay on input line 17.
LaTeX Font Info:    Checking defaults for U/cmr/m/n on input line 17.
LaTeX Font Info:    ... okay on input line 17.
LaTeX Font Info:    Checking defaults for PD1/pdf/m/n on input line 17.
LaTeX Font Info:    ... okay on input line 17.
LaTeX Font Info:    Try loading font information for OT1+ptm on input line 17.
 (/usr/share/texlive/texmf-dist/tex/latex/psnfss/ot1ptm.fd
File: ot1ptm.fd 2001/06/04 font definitions for OT1/ptm.
)
(/usr/share/texlive/texmf-dist/tex/context/base/supp-pdf.mkii
[Loading MPS to PDF converter (version 2006.09.02).]
\scratchcounter=\count139
\scratchdimen=\dimen140
\scratchbox=\box35
\nofMPsegments=\count140
\nofMParguments=\count141
\everyMPshowfont=\toks27
\MPscratchCnt=\count142
\MPscratchDim=\dimen141
\MPnumerator=\count143
\makeMPintoPDFobject=\count144
\everyMPtoPDFconversion=\toks28
) (/usr/share/texlive/texmf-dist/tex/latex/oberdiek/epstopdf-base.sty
Package: epstopdf-base 2010/02/09 v2.5 Base part for package epstopdf

(/usr/share/texlive/texmf-dist/tex/latex/oberdiek/grfext.sty
Package: grfext 2010/08/19 v1.1 Manage graphics extensions (HO)
)
Package grfext Info: Graphics extension search list:
(grfext)             [.png,.pdf,.jpg,.mps,.jpeg,.jbig2,.jb2,.PNG,.PDF,.JPG,.JPE
G,.JBIG2,.JB2,.eps]
(grfext)             \AppendGraphicsExtensions on input line 452.

(/usr/share/texlive/texmf-dist/tex/latex/latexconfig/epstopdf-sys.cfg
File: epstopdf-sys.cfg 2010/07/13 v1.3 Configuration of (r)epstopdf for TeX Liv
e
))
\c@lstlisting=\count145
\AtBeginShipoutBox=\box36
Package hyperref Info: Link coloring OFF on input line 17.

(/usr/share/texlive/texmf-dist/tex/latex/hyperref/nameref.sty
Package: nameref 2012/10/27 v2.43 Cross-referencing by name of section

(/usr/share/texlive/texmf-dist/tex/generic/oberdiek/gettitlestring.sty
Package: gettitlestring 2010/12/03 v1.4 Cleanup title references (HO)
)
\c@section@level=\count146
)
LaTeX Info: Redefining \ref on input line 17.
LaTeX Info: Redefining \pageref on input line 17.
LaTeX Info: Redefining \nameref on input line 17.

(./DJets_pPbrun2_ALICE_analysisNote.out)
(./DJets_pPbrun2_ALICE_analysisNote.out)
\@outlinefile=\write4
\openout4 = `DJets_pPbrun2_ALICE_analysisNote.out'.

Package caption Info: Begin \AtBeginDocument code.
Package caption Info: End \AtBeginDocument code.

<alicelogo.pdf, id=152, 116.1138pt x 142.61281pt>
File: alicelogo.pdf Graphic file (type pdf)
 <use alicelogo.pdf>
Package pdftex.def Info: alicelogo.pdf used on input line 28.
(pdftex.def)             Requested size: 46.3313pt x 56.9055pt.

<cernlogo.pdf, id=153, 426.59375pt x 427.5975pt>
File: cernlogo.pdf Graphic file (type pdf)
 <use cernlogo.pdf>
Package pdftex.def Info: cernlogo.pdf used on input line 28.
(pdftex.def)             Requested size: 56.76749pt x 56.9055pt.
LaTeX Font Info:    Font shape `OT1/ptm/bx/n' in size <14.4> not available
(Font)              Font shape `OT1/ptm/b/n' tried instead on input line 28.
LaTeX Font Info:    Try loading font information for OT1+ztmcm on input line 33
.

(/usr/share/texlive/texmf-dist/tex/latex/psnfss/ot1ztmcm.fd
File: ot1ztmcm.fd 2000/01/03 Fontinst v1.801 font definitions for OT1/ztmcm.
)
LaTeX Font Info:    Try loading font information for OML+ztmcm on input line 33
.

(/usr/share/texlive/texmf-dist/tex/latex/psnfss/omlztmcm.fd
File: omlztmcm.fd 2000/01/03 Fontinst v1.801 font definitions for OML/ztmcm.
)
LaTeX Font Info:    Try loading font information for OMS+ztmcm on input line 33
.

(/usr/share/texlive/texmf-dist/tex/latex/psnfss/omsztmcm.fd
File: omsztmcm.fd 2000/01/03 Fontinst v1.801 font definitions for OMS/ztmcm.
)
LaTeX Font Info:    Try loading font information for OMX+ztmcm on input line 33
.

(/usr/share/texlive/texmf-dist/tex/latex/psnfss/omxztmcm.fd
File: omxztmcm.fd 2000/01/03 Fontinst v1.801 font definitions for OMX/ztmcm.
)
LaTeX Font Info:    Font shape `OT1/ptm/bx/n' in size <10.95> not available
(Font)              Font shape `OT1/ptm/b/n' tried instead on input line 33.
LaTeX Font Info:    Font shape `OT1/ptm/bx/n' in size <8> not available
(Font)              Font shape `OT1/ptm/b/n' tried instead on input line 33.
LaTeX Font Info:    Font shape `OT1/ptm/bx/n' in size <6> not available
(Font)              Font shape `OT1/ptm/b/n' tried instead on input line 33.

Overfull \hbox (7.44728pt too wide) in paragraph at lines 33--33
 [] 
 []

LaTeX Font Info:    Font shape `OT1/ptm/bx/n' in size <10> not available
(Font)              Font shape `OT1/ptm/b/n' tried instead on input line 45.
LaTeX Font Info:    Font shape `OT1/ptm/bx/n' in size <7.4> not available
(Font)              Font shape `OT1/ptm/b/n' tried instead on input line 46.
[1


{/var/lib/texmf/fonts/map/pdftex/updmap/pdftex.map} <./alicelogo.pdf> <./cernlo
go.pdf>] [2

]
LaTeX Font Info:    Font shape `OT1/ptm/bx/n' in size <12> not available
(Font)              Font shape `OT1/ptm/b/n' tried instead on input line 62.
 (./DJets_pPbrun2_ALICE_analysisNote.tocpdfTeX warning (ext4): destination with
 the same identifier (name{page.1}) has been already used, duplicate ignored
<to be read again> 
                   \relax 
l.29 ...line {11.4}Unfolding}{27}{subsection.11.4}
                                                   [1])
\tf@toc=\write5
\openout5 = `DJets_pPbrun2_ALICE_analysisNote.toc'.

pdfTeX warning (ext4): destination with the same identifier (name{page.2}) has 
been already used, duplicate ignored
<to be read again> 
                   \relax 
l.63 \newpage
              [2] (./content.tex
Overfull \hbox (2.7716pt too wide) in paragraph at lines 44--46
[]\OT1/ptm/m/n/10.95 LHC16q: 265525, 265521, 265501, 265500, 265499, 265435, 26
5427, 265426, 265425, 265424, 265422,
 []

LaTeX Font Info:    Font shape `OT1/ptm/bx/it' in size <10.95> not available
(Font)              Font shape `OT1/ptm/b/it' tried instead on input line 60.

Package hyperref Warning: Difference (2) between bookmark levels is greater 
(hyperref)                than one, level fixed on input line 60.

[3]
LaTeX Font Info:    Font shape `OT1/ptm/bx/n' in size <5> not available
(Font)              Font shape `OT1/ptm/b/n' tried instead on input line 97.

Overfull \hbox (39.62811pt too wide) in paragraph at lines 97--113
 [] 
 []


Overfull \hbox (28.69489pt too wide) in paragraph at lines 122--139
 [] 
 []

[4] [5]

LaTeX Warning: Reference `fig:reflectionDZero_Dbin' on page 6 undefined on inpu
t line 220.


LaTeX Warning: Reference `fig:reflectionDZero_jetbin' on page 6 undefined on in
put line 220.


Package hyperref Warning: Token not allowed in a PDF string (PDFDocEncoding):
(hyperref)                removing `math shift' on input line 221.


Package hyperref Warning: Token not allowed in a PDF string (PDFDocEncoding):
(hyperref)                removing `subscript' on input line 221.


Package hyperref Warning: Token not allowed in a PDF string (PDFDocEncoding):
(hyperref)                removing `math shift' on input line 221.


<pPbplots/plotsEffScale_noEff_pt3_noDetails/invMass_FASTwoSDD.pdf, id=256, 569.
12625pt x 485.815pt>
File: pPbplots/plotsEffScale_noEff_pt3_noDetails/invMass_FASTwoSDD.pdf Graphic 
file (type pdf)

<use pPbplots/plotsEffScale_noEff_pt3_noDetails/invMass_FASTwoSDD.pdf>
Package pdftex.def Info: pPbplots/plotsEffScale_noEff_pt3_noDetails/invMass_FAS
TwoSDD.pdf used on input line 229.
(pdftex.def)             Requested size: 364.19664pt x 310.8983pt.
 [6 <./pPbplots/plotsEffScale_noEff_pt3_noDetails/invMass_FASTwoSDD.pdf, page i
s rotated 90 degrees>]
<pPbplots/plotsEffScale_noEff_pt3_noDetails/signalParams_FASTwoSDD.pdf, id=307,
 569.12625pt x 485.815pt>
File: pPbplots/plotsEffScale_noEff_pt3_noDetails/signalParams_FASTwoSDD.pdf Gra
phic file (type pdf)

<use pPbplots/plotsEffScale_noEff_pt3_noDetails/signalParams_FASTwoSDD.pdf>
Package pdftex.def Info: pPbplots/plotsEffScale_noEff_pt3_noDetails/signalParam
s_FASTwoSDD.pdf used on input line 238.
(pdftex.def)             Requested size: 318.66946pt x 272.0323pt.

<pPbplots/plotsSB_noEff_pt3_noDetails/invMass_FASTwoSDD_pTD3.pdf, id=311, 569.1
2625pt x 558.085pt>
File: pPbplots/plotsSB_noEff_pt3_noDetails/invMass_FASTwoSDD_pTD3.pdf Graphic f
ile (type pdf)

<use pPbplots/plotsSB_noEff_pt3_noDetails/invMass_FASTwoSDD_pTD3.pdf>
Package pdftex.def Info: pPbplots/plotsSB_noEff_pt3_noDetails/invMass_FASTwoSDD
_pTD3.pdf used on input line 262.
(pdftex.def)             Requested size: 364.19664pt x 357.14764pt.

Underfull \vbox (badness 10000) has occurred while \output is active []

 [7 <./pPbplots/plotsEffScale_noEff_pt3_noDetails/signalParams_FASTwoSDD.pdf, p
age is rotated 90 degrees>]
<pPbplots/plotsSB_noEff_pt3_noDetails/signalParams_FASTwoSDD_pTD3.pdf, id=361, 
569.12625pt x 558.085pt>
File: pPbplots/plotsSB_noEff_pt3_noDetails/signalParams_FASTwoSDD_pTD3.pdf Grap
hic file (type pdf)

<use pPbplots/plotsSB_noEff_pt3_noDetails/signalParams_FASTwoSDD_pTD3.pdf>
Package pdftex.def Info: pPbplots/plotsSB_noEff_pt3_noDetails/signalParams_FAST
woSDD_pTD3.pdf used on input line 270.
(pdftex.def)             Requested size: 227.62204pt x 223.2045pt.


LaTeX Warning: Reference `fig:eq_pPb_InvMass_Dzero_Refl_Dbins' on page 8 undefi
ned on input line 278.

[8 <./pPbplots/plotsSB_noEff_pt3_noDetails/invMass_FASTwoSDD_pTD3.pdf, page is 
rotated 90 degrees> <./pPbplots/plotsSB_noEff_pt3_noDetails/signalParams_FASTwo
SDD_pTD3.pdf, page is rotated 90 degrees>]
<pPbplotsD0/Default/signalExtraction/plots/invMass_LHC16R03_pTD3.pdf, id=458, 5
69.12625pt x 558.085pt>
File: pPbplotsD0/Default/signalExtraction/plots/invMass_LHC16R03_pTD3.pdf Graph
ic file (type pdf)

<use pPbplotsD0/Default/signalExtraction/plots/invMass_LHC16R03_pTD3.pdf>
Package pdftex.def Info: pPbplotsD0/Default/signalExtraction/plots/invMass_LHC1
6R03_pTD3.pdf used on input line 283.
(pdftex.def)             Requested size: 409.71689pt x 401.78683pt.

<pPbplotsD0/Default/signalExtraction/plots/signalParams_LHC16R03_pTD3.pdf, id=4
59, 569.12625pt x 558.085pt>
File: pPbplotsD0/Default/signalExtraction/plots/signalParams_LHC16R03_pTD3.pdf 
Graphic file (type pdf)

<use pPbplotsD0/Default/signalExtraction/plots/signalParams_LHC16R03_pTD3.pdf>
Package pdftex.def Info: pPbplotsD0/Default/signalExtraction/plots/signalParams
_LHC16R03_pTD3.pdf used on input line 293.
(pdftex.def)             Requested size: 341.43306pt x 334.81952pt.

<pPbplotsD0/Default/signalExtraction/plots/RefOverS_LHC16R03_pTD3.pdf, id=460, 
569.12625pt x 408.52625pt>
File: pPbplotsD0/Default/signalExtraction/plots/RefOverS_LHC16R03_pTD3.pdf Grap
hic file (type pdf)

<use pPbplotsD0/Default/signalExtraction/plots/RefOverS_LHC16R03_pTD3.pdf>
Package pdftex.def Info: pPbplotsD0/Default/signalExtraction/plots/RefOverS_LHC
16R03_pTD3.pdf used on input line 301.
(pdftex.def)             Requested size: 204.85844pt x 147.05063pt.


LaTeX Warning: Reference `fig:eq_pPb_signBkgJet_tot_Dzero' on page 9 undefined 
on input line 311.


<pPbplots/plotsSB_noEff_pt3_noDetails/jetRawSpectrumFASTwoSDD_pTD3.pdf, id=466,
 569.12625pt x 558.085pt>
File: pPbplots/plotsSB_noEff_pt3_noDetails/jetRawSpectrumFASTwoSDD_pTD3.pdf Gra
phic file (type pdf)

<use pPbplots/plotsSB_noEff_pt3_noDetails/jetRawSpectrumFASTwoSDD_pTD3.pdf>
Package pdftex.def Info: pPbplots/plotsSB_noEff_pt3_noDetails/jetRawSpectrumFAS
TwoSDD_pTD3.pdf used on input line 317.
(pdftex.def)             Requested size: 409.71689pt x 401.78683pt.

<pPbplots/plotsSB_noEff_pt3_noDetails/jetPtSpectrum_SB_FASTwoSDD_pTD3.pdf, id=4
67, 569.12625pt x 408.52625pt>
File: pPbplots/plotsSB_noEff_pt3_noDetails/jetPtSpectrum_SB_FASTwoSDD_pTD3.pdf 
Graphic file (type pdf)

<use pPbplots/plotsSB_noEff_pt3_noDetails/jetPtSpectrum_SB_FASTwoSDD_pTD3.pdf>
Package pdftex.def Info: pPbplots/plotsSB_noEff_pt3_noDetails/jetPtSpectrum_SB_
FASTwoSDD_pTD3.pdf used on input line 324.
(pdftex.def)             Requested size: 227.62204pt x 163.3889pt.

<pPbplotsD0/Default/signalExtraction/plots/jetRawSpectrum_LHC16R03_pTD3.pdf, id
=468, 569.12625pt x 558.085pt>
File: pPbplotsD0/Default/signalExtraction/plots/jetRawSpectrum_LHC16R03_pTD3.pd
f Graphic file (type pdf)

<use pPbplotsD0/Default/signalExtraction/plots/jetRawSpectrum_LHC16R03_pTD3.pdf
>
Package pdftex.def Info: pPbplotsD0/Default/signalExtraction/plots/jetRawSpectr
um_LHC16R03_pTD3.pdf used on input line 332.
(pdftex.def)             Requested size: 409.71689pt x 401.78683pt.

Underfull \vbox (badness 10000) has occurred while \output is active []

 [9 <./pPbplotsD0/Default/signalExtraction/plots/invMass_LHC16R03_pTD3.pdf, pag
e is rotated 90 degrees>]
<pPbplots/methodsComparison/DjetSpectra_methodComparison_FASTwoSDD_noEff_ptD2.p
df, id=525, 569.12625pt x 408.52625pt>
File: pPbplots/methodsComparison/DjetSpectra_methodComparison_FASTwoSDD_noEff_p
tD2.pdf Graphic file (type pdf)

<use pPbplots/methodsComparison/DjetSpectra_methodComparison_FASTwoSDD_noEff_pt
D2.pdf>
Package pdftex.def Info: pPbplots/methodsComparison/DjetSpectra_methodCompariso
n_FASTwoSDD_noEff_ptD2.pdf used on input line 375.
(pdftex.def)             Requested size: 204.85844pt x 147.05063pt.

<pPbplots/methodsComparison/DjetSpectra_methodComparison_FASTwoSDD_noEff_ptD3.p
df, id=526, 569.12625pt x 408.52625pt>
File: pPbplots/methodsComparison/DjetSpectra_methodComparison_FASTwoSDD_noEff_p
tD3.pdf Graphic file (type pdf)

<use pPbplots/methodsComparison/DjetSpectra_methodComparison_FASTwoSDD_noEff_pt
D3.pdf>
Package pdftex.def Info: pPbplots/methodsComparison/DjetSpectra_methodCompariso
n_FASTwoSDD_noEff_ptD3.pdf used on input line 379.
(pdftex.def)             Requested size: 204.85844pt x 147.05063pt.

<pPbplots/methodsComparison/DjetSpectraRatio_FASTwoSDD_noEff_ptD2.pdf, id=527, 
569.12625pt x 194.7275pt>
File: pPbplots/methodsComparison/DjetSpectraRatio_FASTwoSDD_noEff_ptD2.pdf Grap
hic file (type pdf)

<use pPbplots/methodsComparison/DjetSpectraRatio_FASTwoSDD_noEff_ptD2.pdf>
Package pdftex.def Info: pPbplots/methodsComparison/DjetSpectraRatio_FASTwoSDD_
noEff_ptD2.pdf used on input line 383.
(pdftex.def)             Requested size: 204.85844pt x 70.09293pt.

<pPbplots/methodsComparison/DjetSpectraRatio_FASTwoSDD_noEff_ptD3.pdf, id=528, 
569.12625pt x 194.7275pt>
File: pPbplots/methodsComparison/DjetSpectraRatio_FASTwoSDD_noEff_ptD3.pdf Grap
hic file (type pdf)

<use pPbplots/methodsComparison/DjetSpectraRatio_FASTwoSDD_noEff_ptD3.pdf>
Package pdftex.def Info: pPbplots/methodsComparison/DjetSpectraRatio_FASTwoSDD_
noEff_ptD3.pdf used on input line 387.
(pdftex.def)             Requested size: 204.85844pt x 70.09293pt.

[10 <./pPbplotsD0/Default/signalExtraction/plots/signalParams_LHC16R03_pTD3.pdf
, page is rotated 90 degrees> <./pPbplotsD0/Default/signalExtraction/plots/RefO
verS_LHC16R03_pTD3.pdf, page is rotated 90 degrees>] [11 <./pPbplots/plotsSB_no
Eff_pt3_noDetails/jetRawSpectrumFASTwoSDD_pTD3.pdf, page is rotated 90 degrees>
 <./pPbplots/plotsSB_noEff_pt3_noDetails/jetPtSpectrum_SB_FASTwoSDD_pTD3.pdf, p
age is rotated 90 degrees>] [12 <./pPbplotsD0/Default/signalExtraction/plots/je
tRawSpectrum_LHC16R03_pTD3.pdf, page is rotated 90 degrees>] [13 <./pPbplots/me
thodsComparison/DjetSpectra_methodComparison_FASTwoSDD_noEff_ptD2.pdf, page is 
rotated 90 degrees> <./pPbplots/methodsComparison/DjetSpectra_methodComparison_
FASTwoSDD_noEff_ptD3.pdf, page is rotated 90 degrees> <./pPbplots/methodsCompar
ison/DjetSpectraRatio_FASTwoSDD_noEff_ptD2.pdf, page is rotated 90 degrees> <./
pPbplots/methodsComparison/DjetSpectraRatio_FASTwoSDD_noEff_ptD3.pdf, page is r
otated 90 degrees>]
<pPbplots/DjetEff_Sim_log.pdf, id=937, 569.12625pt x 408.52625pt>
File: pPbplots/DjetEff_Sim_log.pdf Graphic file (type pdf)

<use pPbplots/DjetEff_Sim_log.pdf>
Package pdftex.def Info: pPbplots/DjetEff_Sim_log.pdf used on input line 428.
(pdftex.def)             Requested size: 204.85924pt x 163.88759pt.

<pPbplotsD0/Default/efficiency/DjetEff_Sim_log.pdf, id=938, 569.12625pt x 408.5
2625pt>
File: pPbplotsD0/Default/efficiency/DjetEff_Sim_log.pdf Graphic file (type pdf)

 <use pPbplotsD0/Default/efficiency/DjetEff_Sim_log.pdf>
Package pdftex.def Info: pPbplotsD0/Default/efficiency/DjetEff_Sim_log.pdf used
 on input line 433.
(pdftex.def)             Requested size: 204.85924pt x 174.1294pt.


LaTeX Warning: Reference `fig:eq_pPb_Directjet_corrInv_Dzero' on page 14 undefi
ned on input line 456.


<pPbplots/plotsEffScale_pt3_noDetails/invMass_FASTwoSDD.pdf, id=942, 569.12625p
t x 485.815pt>
File: pPbplots/plotsEffScale_pt3_noDetails/invMass_FASTwoSDD.pdf Graphic file (
type pdf)

<use pPbplots/plotsEffScale_pt3_noDetails/invMass_FASTwoSDD.pdf>
Package pdftex.def Info: pPbplots/plotsEffScale_pt3_noDetails/invMass_FASTwoSDD
.pdf used on input line 463.
(pdftex.def)             Requested size: 409.71689pt x 349.75688pt.

<pPbplots/plotsSB_pt3_noDetails/jetPtSpectrum_SB_FASTwoSDD_pTD3.pdf, id=949, 56
9.12625pt x 408.52625pt>
File: pPbplots/plotsSB_pt3_noDetails/jetPtSpectrum_SB_FASTwoSDD_pTD3.pdf Graphi
c file (type pdf)

<use pPbplots/plotsSB_pt3_noDetails/jetPtSpectrum_SB_FASTwoSDD_pTD3.pdf>
Package pdftex.def Info: pPbplots/plotsSB_pt3_noDetails/jetPtSpectrum_SB_FASTwo
SDD_pTD3.pdf used on input line 490.
(pdftex.def)             Requested size: 273.14922pt x 196.0779pt.

[14

 <./pPbplots/DjetEff_Sim_log.pdf, page is rotated 90 degrees> <./pPbplotsD0/Def
ault/efficiency/DjetEff_Sim_log.pdf, page is rotated 90 degrees>]
<pPbplotsD0/Default/signalExtraction/plots/jetPtSpectrum_SB_LHC16R03_pTD3.pdf, 
id=1044, 569.12625pt x 408.52625pt>
File: pPbplotsD0/Default/signalExtraction/plots/jetPtSpectrum_SB_LHC16R03_pTD3.
pdf Graphic file (type pdf)

<use pPbplotsD0/Default/signalExtraction/plots/jetPtSpectrum_SB_LHC16R03_pTD3.p
df>
Package pdftex.def Info: pPbplotsD0/Default/signalExtraction/plots/jetPtSpectru
m_SB_LHC16R03_pTD3.pdf used on input line 498.
(pdftex.def)             Requested size: 273.14922pt x 196.0779pt.


LaTeX Warning: Reference `fig:JetPt_pPb_corrDrec_Dzero' on page 15 undefined on
 input line 507.


<pPbplots/methodsComparison/DjetSpectra_methodComparison_FASTwoSDD_eff_ptD2.pdf
, id=1048, 569.12625pt x 408.52625pt>
File: pPbplots/methodsComparison/DjetSpectra_methodComparison_FASTwoSDD_eff_ptD
2.pdf Graphic file (type pdf)

<use pPbplots/methodsComparison/DjetSpectra_methodComparison_FASTwoSDD_eff_ptD2
.pdf>
Package pdftex.def Info: pPbplots/methodsComparison/DjetSpectra_methodCompariso
n_FASTwoSDD_eff_ptD2.pdf used on input line 520.
(pdftex.def)             Requested size: 204.85844pt x 147.05063pt.

<pPbplots/methodsComparison/DjetSpectra_methodComparison_FASTwoSDD_eff_ptD3.pdf
, id=1049, 569.12625pt x 408.52625pt>
File: pPbplots/methodsComparison/DjetSpectra_methodComparison_FASTwoSDD_eff_ptD
3.pdf Graphic file (type pdf)

<use pPbplots/methodsComparison/DjetSpectra_methodComparison_FASTwoSDD_eff_ptD3
.pdf>
Package pdftex.def Info: pPbplots/methodsComparison/DjetSpectra_methodCompariso
n_FASTwoSDD_eff_ptD3.pdf used on input line 524.
(pdftex.def)             Requested size: 204.85844pt x 147.05063pt.

<pPbplots/methodsComparison/DjetSpectraRatio_FASTwoSDD_eff_ptD2.pdf, id=1050, 5
69.12625pt x 194.7275pt>
File: pPbplots/methodsComparison/DjetSpectraRatio_FASTwoSDD_eff_ptD2.pdf Graphi
c file (type pdf)

<use pPbplots/methodsComparison/DjetSpectraRatio_FASTwoSDD_eff_ptD2.pdf>
Package pdftex.def Info: pPbplots/methodsComparison/DjetSpectraRatio_FASTwoSDD_
eff_ptD2.pdf used on input line 528.
(pdftex.def)             Requested size: 204.85844pt x 70.09293pt.

<pPbplots/methodsComparison/DjetSpectraRatio_FASTwoSDD_eff_ptD3.pdf, id=1051, 5
69.12625pt x 194.7275pt>
File: pPbplots/methodsComparison/DjetSpectraRatio_FASTwoSDD_eff_ptD3.pdf Graphi
c file (type pdf)

<use pPbplots/methodsComparison/DjetSpectraRatio_FASTwoSDD_eff_ptD3.pdf>
Package pdftex.def Info: pPbplots/methodsComparison/DjetSpectraRatio_FASTwoSDD_
eff_ptD3.pdf used on input line 532.
(pdftex.def)             Requested size: 204.85844pt x 70.09293pt.

<pPbplots/plotsSB_pt3_noDetails/jetPtSpectrumUnc_SB_Rebin_FASTwoSDD_pTD3.pdf, i
d=1052, 569.12625pt x 408.52625pt>
File: pPbplots/plotsSB_pt3_noDetails/jetPtSpectrumUnc_SB_Rebin_FASTwoSDD_pTD3.p
df Graphic file (type pdf)

<use pPbplots/plotsSB_pt3_noDetails/jetPtSpectrumUnc_SB_Rebin_FASTwoSDD_pTD3.pd
f>
Package pdftex.def Info: pPbplots/plotsSB_pt3_noDetails/jetPtSpectrumUnc_SB_Reb
in_FASTwoSDD_pTD3.pdf used on input line 566.
(pdftex.def)             Requested size: 204.85844pt x 147.05063pt.

<pPbplotsD0/Default/signalExtraction/plots/jetPtSpectrumUnc_SB_Rebin_LHC16R03_p
TD3.pdf, id=1053, 569.12625pt x 337.26pt>
File: pPbplotsD0/Default/signalExtraction/plots/jetPtSpectrumUnc_SB_Rebin_LHC16
R03_pTD3.pdf Graphic file (type pdf)

<use pPbplotsD0/Default/signalExtraction/plots/jetPtSpectrumUnc_SB_Rebin_LHC16R
03_pTD3.pdf>
Package pdftex.def Info: pPbplotsD0/Default/signalExtraction/plots/jetPtSpectru
mUnc_SB_Rebin_LHC16R03_pTD3.pdf used on input line 572.
(pdftex.def)             Requested size: 204.85924pt x 163.88995pt.
 [15 <./pPbplots/plotsEffScale_pt3_noDetails/invMass_FASTwoSDD.pdf, page is rot
ated 90 degrees>] [16 <./pPbplots/plotsSB_pt3_noDetails/jetPtSpectrum_SB_FASTwo
SDD_pTD3.pdf, page is rotated 90 degrees> <./pPbplotsD0/Default/signalExtractio
n/plots/jetPtSpectrum_SB_LHC16R03_pTD3.pdf, page is rotated 90 degrees>] [17 <.
/pPbplots/methodsComparison/DjetSpectra_methodComparison_FASTwoSDD_eff_ptD2.pdf
, page is rotated 90 degrees> <./pPbplots/methodsComparison/DjetSpectra_methodC
omparison_FASTwoSDD_eff_ptD3.pdf, page is rotated 90 degrees> <./pPbplots/metho
dsComparison/DjetSpectraRatio_FASTwoSDD_eff_ptD2.pdf, page is rotated 90 degree
s> <./pPbplots/methodsComparison/DjetSpectraRatio_FASTwoSDD_eff_ptD3.pdf, page 
is rotated 90 degrees> <./pPbplots/plotsSB_pt3_noDetails/jetPtSpectrumUnc_SB_Re
bin_FASTwoSDD_pTD3.pdf, page is rotated 90 degrees> <./pPbplotsD0/Default/signa
lExtraction/plots/jetPtSpectrumUnc_SB_Rebin_LHC16R03_pTD3.pdf, page is rotated 
90 degrees>]
<pPbplots/ResponseMatrix/hRho_ptleadbin5_cent0_10.png, id=1462, 798.985pt x 574
.145pt>
File: pPbplots/ResponseMatrix/hRho_ptleadbin5_cent0_10.png Graphic file (type p
ng)
 <use pPbplots/ResponseMatrix/hRho_ptleadbin5_cent0_10.png>
Package pdftex.def Info: pPbplots/ResponseMatrix/hRho_ptleadbin5_cent0_10.png u
sed on input line 620.
(pdftex.def)             Requested size: 204.85844pt x 147.20663pt.

<pPbplots/ResponseMatrix/hRho_ptleadbin5_cent20_40.png, id=1463, 798.985pt x 57
4.145pt>
File: pPbplots/ResponseMatrix/hRho_ptleadbin5_cent20_40.png Graphic file (type 
png)
 <use pPbplots/ResponseMatrix/hRho_ptleadbin5_cent20_40.png>
Package pdftex.def Info: pPbplots/ResponseMatrix/hRho_ptleadbin5_cent20_40.png 
used on input line 621.
(pdftex.def)             Requested size: 204.85844pt x 147.20663pt.
 [18

 <./pPbplots/ResponseMatrix/hRho_ptleadbin5_cent0_10.png> <./pPbplots/ResponseM
atrix/hRho_ptleadbin5_cent20_40.png>]
<pPbplots/ResponseMatrix/DeltaPt_Djet5Excl.png, id=1479, 798.985pt x 574.145pt>
File: pPbplots/ResponseMatrix/DeltaPt_Djet5Excl.png Graphic file (type png)
<use pPbplots/ResponseMatrix/DeltaPt_Djet5Excl.png>
Package pdftex.def Info: pPbplots/ResponseMatrix/DeltaPt_Djet5Excl.png used on 
input line 641.
(pdftex.def)             Requested size: 204.85844pt x 147.20663pt.

<pPbplots/ResponseMatrix/BkgMatrix_Djet5Excl.png, id=1480, 798.985pt x 574.145p
t>
File: pPbplots/ResponseMatrix/BkgMatrix_Djet5Excl.png Graphic file (type png)
 <use pPbplots/ResponseMatrix/BkgMatrix_Djet5Excl.png>
Package pdftex.def Info: pPbplots/ResponseMatrix/BkgMatrix_Djet5Excl.png used o
n input line 642.
(pdftex.def)             Requested size: 204.85844pt x 147.20663pt.

<pPbplots/ResponseMatrix/DetMatrix_Dpt0_100.png, id=1483, 798.985pt x 574.145pt
>
File: pPbplots/ResponseMatrix/DetMatrix_Dpt0_100.png Graphic file (type png)
 <use pPbplots/ResponseMatrix/DetMatrix_Dpt0_100.png>
Package pdftex.def Info: pPbplots/ResponseMatrix/DetMatrix_Dpt0_100.png used on
 input line 670.
(pdftex.def)             Requested size: 223.0721pt x 160.29518pt.

<pPbplots/ResponseMatrix/DetMatrix_Dpt0_100_FD.png, id=1484, 798.985pt x 574.14
5pt>
File: pPbplots/ResponseMatrix/DetMatrix_Dpt0_100_FD.png Graphic file (type png)

 <use pPbplots/ResponseMatrix/DetMatrix_Dpt0_100_FD.png>
Package pdftex.def Info: pPbplots/ResponseMatrix/DetMatrix_Dpt0_100_FD.png used
 on input line 671.
(pdftex.def)             Requested size: 223.0721pt x 160.29518pt.
 [19 <./pPbplots/ResponseMatrix/DeltaPt_Djet5Excl.png> <./pPbplots/ResponseMatr
ix/BkgMatrix_Djet5Excl.png>]
Overfull \hbox (21.89365pt too wide) detected at line 747
[]\OML/ztmcm/m/it/10.95 N[]\OT1/ztmcm/m/n/10.95 (\OML/ztmcm/m/it/10.95 p[]\OT1/
ztmcm/m/n/10.95 ) = \OML/ztmcm/m/it/10.95 N[]\OT1/ztmcm/m/n/10.95 (\OML/ztmcm/m
/it/10.95 p[]\OT1/ztmcm/m/n/10.95 ) \OMS/ztmcm/m/n/10.95 ^^@ \OML/ztmcm/m/it/10
.95 R[]\OT1/ztmcm/m/n/10.95 (\OML/ztmcm/m/it/10.95 p[]; p[]\OT1/ztmcm/m/n/10.95
 ) \OMS/ztmcm/m/n/10.95 
 [] []\OML/ztmcm/m/it/10.95 N[]\OT1/ztmcm/m/n/10.95 (\OML/ztmcm/m/it/10.95 p[];
 p[]\OT1/ztmcm/m/n/10.95 )\OML/ztmcm/m/it/10.95 ;
 []

[20 <./pPbplots/ResponseMatrix/DetMatrix_Dpt0_100.png> <./pPbplots/ResponseMatr
ix/DetMatrix_Dpt0_100_FD.png>]
<pPbplots/ResponseMatrix/combMatrixFD_DjetExcl5.pdf, id=1513, 569.12625pt x 352
.31625pt>
File: pPbplots/ResponseMatrix/combMatrixFD_DjetExcl5.pdf Graphic file (type pdf
)
 <use pPbplots/ResponseMatrix/combMatrixFD_DjetExcl5.pdf>
Package pdftex.def Info: pPbplots/ResponseMatrix/combMatrixFD_DjetExcl5.pdf use
d on input line 774.
(pdftex.def)             Requested size: 273.14922pt x 169.09912pt.

<pPbplots/jetSpectra/JetPtSpectra_FDsub.pdf, id=1514, 569.12625pt x 440.64626pt
>
File: pPbplots/jetSpectra/JetPtSpectra_FDsub.pdf Graphic file (type pdf)
 <use pPbplots/jetSpectra/JetPtSpectra_FDsub.pdf>
Package pdftex.def Info: pPbplots/jetSpectra/JetPtSpectra_FDsub.pdf used on inp
ut line 781.
(pdftex.def)             Requested size: 241.2788pt x 186.8116pt.

<pPbplots/jetSpectra/FDratio.pdf, id=1515, 569.12625pt x 270.00874pt>
File: pPbplots/jetSpectra/FDratio.pdf Graphic file (type pdf)

<use pPbplots/jetSpectra/FDratio.pdf>
Package pdftex.def Info: pPbplots/jetSpectra/FDratio.pdf used on input line 782
.
(pdftex.def)             Requested size: 204.85844pt x 97.1907pt.
 [21 <./pPbplots/ResponseMatrix/combMatrixFD_DjetExcl5.pdf, page is rotated 90 
degrees>]

LaTeX Warning: Reference `pPb_ResponseMatrix' on page 22 undefined on input lin
e 805.


<pPbplots/ResponseMatrix/PythiaRM__Djet5Excl_2_bayes5_weight_MatrixProd.png, id
=1566, 698.61pt x 473.77pt>
File: pPbplots/ResponseMatrix/PythiaRM__Djet5Excl_2_bayes5_weight_MatrixProd.pn
g Graphic file (type png)

<use pPbplots/ResponseMatrix/PythiaRM__Djet5Excl_2_bayes5_weight_MatrixProd.png
>
Package pdftex.def Info: pPbplots/ResponseMatrix/PythiaRM__Djet5Excl_2_bayes5_w
eight_MatrixProd.png used on input line 810.
(pdftex.def)             Requested size: 223.0721pt x 151.27695pt.

<pPbplots/ResponseMatrix/PythiaRM__Djet5Excl_2_bayes5_weight_Matrix.png, id=156
7, 698.61pt x 473.77pt>
File: pPbplots/ResponseMatrix/PythiaRM__Djet5Excl_2_bayes5_weight_Matrix.png Gr
aphic file (type png)

<use pPbplots/ResponseMatrix/PythiaRM__Djet5Excl_2_bayes5_weight_Matrix.png>
Package pdftex.def Info: pPbplots/ResponseMatrix/PythiaRM__Djet5Excl_2_bayes5_w
eight_Matrix.png used on input line 811.
(pdftex.def)             Requested size: 223.0721pt x 151.27695pt.

<pPbplots/ResponseMatrix/PythiaRM__Djet5Excl_2_bayes5_weight_UnfSpectrum.png, i
d=1568, 698.61pt x 473.77pt>
File: pPbplots/ResponseMatrix/PythiaRM__Djet5Excl_2_bayes5_weight_UnfSpectrum.p
ng Graphic file (type png)

<use pPbplots/ResponseMatrix/PythiaRM__Djet5Excl_2_bayes5_weight_UnfSpectrum.pn
g>
Package pdftex.def Info: pPbplots/ResponseMatrix/PythiaRM__Djet5Excl_2_bayes5_w
eight_UnfSpectrum.png used on input line 818.
(pdftex.def)             Requested size: 250.38562pt x 169.80524pt.

<pPbplots/ResponseMatrix/PythiaRM__Djet5Excl_2_bayes5_weight_foldedRatio.png, i
d=1569, 798.985pt x 574.145pt>
File: pPbplots/ResponseMatrix/PythiaRM__Djet5Excl_2_bayes5_weight_foldedRatio.p
ng Graphic file (type png)

<use pPbplots/ResponseMatrix/PythiaRM__Djet5Excl_2_bayes5_weight_foldedRatio.pn
g>
Package pdftex.def Info: pPbplots/ResponseMatrix/PythiaRM__Djet5Excl_2_bayes5_w
eight_foldedRatio.png used on input line 819.
(pdftex.def)             Requested size: 200.3085pt x 143.93889pt.
 [22 <./pPbplots/jetSpectra/JetPtSpectra_FDsub.pdf, page is rotated 90 degrees>
 <./pPbplots/jetSpectra/FDratio.pdf, page is rotated 90 degrees> <./pPbplots/Re
sponseMatrix/PythiaRM__Djet5Excl_2_bayes5_weight_MatrixProd.png> <./pPbplots/Re
sponseMatrix/PythiaRM__Djet5Excl_2_bayes5_weight_Matrix.png>]
LaTeX Font Info:    Try loading font information for OMS+ptm on input line 834.


(/usr/share/texlive/texmf-dist/tex/latex/psnfss/omsptm.fd
File: omsptm.fd 
)
LaTeX Font Info:    Font shape `OMS/ptm/m/n' in size <10.95> not available
(Font)              Font shape `OMS/cmsy/m/n' tried instead on input line 834.
 [23 <./pPbplots/ResponseMatrix/PythiaRM__Djet5Excl_2_bayes5_weight_UnfSpectrum
.png> <./pPbplots/ResponseMatrix/PythiaRM__Djet5Excl_2_bayes5_weight_foldedRati
o.png>]
<pPbplots/yieldExtraction/jetPtComparison_DataMVariation_SB.pdf, id=1674, 569.1
2625pt x 408.52625pt>
File: pPbplots/yieldExtraction/jetPtComparison_DataMVariation_SB.pdf Graphic fi
le (type pdf)

<use pPbplots/yieldExtraction/jetPtComparison_DataMVariation_SB.pdf>
Package pdftex.def Info: pPbplots/yieldExtraction/jetPtComparison_DataMVariatio
n_SB.pdf used on input line 866.
(pdftex.def)             Requested size: 204.85844pt x 147.05063pt.

<pPbplots/yieldExtraction/SBRatio.pdf, id=1675, 569.12625pt x 194.7275pt>
File: pPbplots/yieldExtraction/SBRatio.pdf Graphic file (type pdf)

<use pPbplots/yieldExtraction/SBRatio.pdf>
Package pdftex.def Info: pPbplots/yieldExtraction/SBRatio.pdf used on input lin
e 871.
(pdftex.def)             Requested size: 204.85844pt x 70.09293pt.

<pPbplots/yieldExtraction/YieldExtSysUnc_SB.pdf, id=1678, 569.12625pt x 408.526
25pt>
File: pPbplots/yieldExtraction/YieldExtSysUnc_SB.pdf Graphic file (type pdf)
 <use pPbplots/yieldExtraction/YieldExtSysUnc_SB.pdf>
Package pdftex.def Info: pPbplots/yieldExtraction/YieldExtSysUnc_SB.pdf used on
 input line 884.
(pdftex.def)             Requested size: 227.62204pt x 163.3889pt.

<pPbplots/yieldExtraction/yieldInDbins.png, id=1680, 899.36pt x 574.145pt>
File: pPbplots/yieldExtraction/yieldInDbins.png Graphic file (type png)

<use pPbplots/yieldExtraction/yieldInDbins.png>
Package pdftex.def Info: pPbplots/yieldExtraction/yieldInDbins.png used on inpu
t line 897.
(pdftex.def)             Requested size: 204.85844pt x 130.78026pt.

<pPbplots/yieldExtraction/yieldInDbins_log.png, id=1681, 899.36pt x 574.145pt>
File: pPbplots/yieldExtraction/yieldInDbins_log.png Graphic file (type png)

<use pPbplots/yieldExtraction/yieldInDbins_log.png>
Package pdftex.def Info: pPbplots/yieldExtraction/yieldInDbins_log.png used on 
input line 900.
(pdftex.def)             Requested size: 204.85844pt x 130.78026pt.
 [24 <./pPbplots/yieldExtraction/jetPtComparison_DataMVariation_SB.pdf, page is
 rotated 90 degrees> <./pPbplots/yieldExtraction/SBRatio.pdf, page is rotated 9
0 degrees> <./pPbplots/yieldExtraction/YieldExtSysUnc_SB.pdf, page is rotated 9
0 degrees>]
<pPbplots/jetSpectra/jetRawSpectra_pTD_pTD3.pdf, id=1821, 569.12625pt x 408.526
25pt>
File: pPbplots/jetSpectra/jetRawSpectra_pTD_pTD3.pdf Graphic file (type pdf)
 <use pPbplots/jetSpectra/jetRawSpectra_pTD_pTD3.pdf>
Package pdftex.def Info: pPbplots/jetSpectra/jetRawSpectra_pTD_pTD3.pdf used on
 input line 912.
(pdftex.def)             Requested size: 223.0721pt x 160.1225pt.

<pPbplots/jetSpectra/efficiencies.pdf, id=1822, 569.12625pt x 408.52625pt>
File: pPbplots/jetSpectra/efficiencies.pdf Graphic file (type pdf)

<use pPbplots/jetSpectra/efficiencies.pdf>
Package pdftex.def Info: pPbplots/jetSpectra/efficiencies.pdf used on input lin
e 913.
(pdftex.def)             Requested size: 223.0721pt x 160.1225pt.

<pPbplots/jetSpectra/jetRawSpectraRatio_pTD_pTD3.pdf, id=1823, 569.12625pt x 26
5.99374pt>
File: pPbplots/jetSpectra/jetRawSpectraRatio_pTD_pTD3.pdf Graphic file (type pd
f)
 <use pPbplots/jetSpectra/jetRawSpectraRatio_pTD_pTD3.pdf>
Package pdftex.def Info: pPbplots/jetSpectra/jetRawSpectraRatio_pTD_pTD3.pdf us
ed on input line 921.
(pdftex.def)             Requested size: 223.0721pt x 104.25665pt.

<pPbplots/jetSpectra/efficienciesRatio.pdf, id=1824, 569.12625pt x 265.99374pt>
File: pPbplots/jetSpectra/efficienciesRatio.pdf Graphic file (type pdf)
<use pPbplots/jetSpectra/efficienciesRatio.pdf>
Package pdftex.def Info: pPbplots/jetSpectra/efficienciesRatio.pdf used on inpu
t line 922.
(pdftex.def)             Requested size: 223.0721pt x 104.25665pt.
 [25 <./pPbplots/yieldExtraction/yieldInDbins.png> <./pPbplots/yieldExtraction/
yieldInDbins_log.png> <./pPbplots/jetSpectra/jetRawSpectra_pTD_pTD3.pdf, page i
s rotated 90 degrees> <./pPbplots/jetSpectra/efficiencies.pdf, page is rotated 
90 degrees> <./pPbplots/jetSpectra/jetRawSpectraRatio_pTD_pTD3.pdf, page is rot
ated 90 degrees> <./pPbplots/jetSpectra/efficienciesRatio.pdf, page is rotated 
90 degrees>]
<pPbplots/jetSpectra/jetSpectra_pTD_pTD3.pdf, id=2006, 569.12625pt x 408.52625p
t>
File: pPbplots/jetSpectra/jetSpectra_pTD_pTD3.pdf Graphic file (type pdf)
 <use pPbplots/jetSpectra/jetSpectra_pTD_pTD3.pdf>
Package pdftex.def Info: pPbplots/jetSpectra/jetSpectra_pTD_pTD3.pdf used on in
put line 932.
(pdftex.def)             Requested size: 223.0721pt x 160.1225pt.

<pPbplots/jetSpectra/jetSpectraRatio_pTD_pTD3.pdf, id=2007, 569.12625pt x 265.9
9374pt>
File: pPbplots/jetSpectra/jetSpectraRatio_pTD_pTD3.pdf Graphic file (type pdf)
 <use pPbplots/jetSpectra/jetSpectraRatio_pTD_pTD3.pdf>
Package pdftex.def Info: pPbplots/jetSpectra/jetSpectraRatio_pTD_pTD3.pdf used 
on input line 940.
(pdftex.def)             Requested size: 223.0721pt x 104.25665pt.

<pPbplots/jetSpectra/jetSpectraSys_pTD_pTD3.pdf, id=2008, 569.12625pt x 337.26p
t>
File: pPbplots/jetSpectra/jetSpectraSys_pTD_pTD3.pdf Graphic file (type pdf)
 <use pPbplots/jetSpectra/jetSpectraSys_pTD_pTD3.pdf>
Package pdftex.def Info: pPbplots/jetSpectra/jetSpectraSys_pTD_pTD3.pdf used on
 input line 941.
(pdftex.def)             Requested size: 223.0721pt x 132.18958pt.

<pPbplots/simulations/NonPromptspectra_DPt.pdf, id=2014, 569.12625pt x 367.3725
pt>
File: pPbplots/simulations/NonPromptspectra_DPt.pdf Graphic file (type pdf)
 <use pPbplots/simulations/NonPromptspectra_DPt.pdf>
Package pdftex.def Info: pPbplots/simulations/NonPromptspectra_DPt.pdf used on 
input line 975.
(pdftex.def)             Requested size: 204.85844pt x 132.23717pt.

<pPbplots/simulations/NonPromptspectra_DPt_ratio.pdf, id=2015, 569.12625pt x 36
7.3725pt>
File: pPbplots/simulations/NonPromptspectra_DPt_ratio.pdf Graphic file (type pd
f)
 <use pPbplots/simulations/NonPromptspectra_DPt_ratio.pdf>
Package pdftex.def Info: pPbplots/simulations/NonPromptspectra_DPt_ratio.pdf us
ed on input line 976.
(pdftex.def)             Requested size: 204.85844pt x 132.23717pt.
 [26 <./pPbplots/jetSpectra/jetSpectra_pTD_pTD3.pdf, page is rotated 90 degrees
> <./pPbplots/jetSpectra/jetSpectraRatio_pTD_pTD3.pdf, page is rotated 90 degre
es> <./pPbplots/jetSpectra/jetSpectraSys_pTD_pTD3.pdf, page is rotated 90 degre
es>]
<pPbplots/simulations/NonPromptspectra_JetPt_Dpt3_36_effScaled.pdf, id=2152, 56
9.12625pt x 367.3725pt>
File: pPbplots/simulations/NonPromptspectra_JetPt_Dpt3_36_effScaled.pdf Graphic
 file (type pdf)

<use pPbplots/simulations/NonPromptspectra_JetPt_Dpt3_36_effScaled.pdf>
Package pdftex.def Info: pPbplots/simulations/NonPromptspectra_JetPt_Dpt3_36_ef
fScaled.pdf used on input line 984.
(pdftex.def)             Requested size: 204.85844pt x 132.23717pt.

<pPbplots/simulations/NonPromptspectra_JetPt_Dpt3_36_effScaled_ratio.pdf, id=21
53, 569.12625pt x 367.3725pt>
File: pPbplots/simulations/NonPromptspectra_JetPt_Dpt3_36_effScaled_ratio.pdf G
raphic file (type pdf)

<use pPbplots/simulations/NonPromptspectra_JetPt_Dpt3_36_effScaled_ratio.pdf>
Package pdftex.def Info: pPbplots/simulations/NonPromptspectra_JetPt_Dpt3_36_ef
fScaled_ratio.pdf used on input line 985.
(pdftex.def)             Requested size: 204.85844pt x 132.23717pt.

<pPbplots/simulations/NonPromptspectra_JetPt_Dpt3_36_effScaled_un.pdf, id=2155,
 569.12625pt x 440.64626pt>
File: pPbplots/simulations/NonPromptspectra_JetPt_Dpt3_36_effScaled_un.pdf Grap
hic file (type pdf)

<use pPbplots/simulations/NonPromptspectra_JetPt_Dpt3_36_effScaled_un.pdf>
Package pdftex.def Info: pPbplots/simulations/NonPromptspectra_JetPt_Dpt3_36_ef
fScaled_un.pdf used on input line 996.
(pdftex.def)             Requested size: 204.85844pt x 158.61235pt.

<pPbplots/jetSpectra/FDUnc_beforeUnf.pdf, id=2156, 569.12625pt x 270.00874pt>
File: pPbplots/jetSpectra/FDUnc_beforeUnf.pdf Graphic file (type pdf)

<use pPbplots/jetSpectra/FDUnc_beforeUnf.pdf>
Package pdftex.def Info: pPbplots/jetSpectra/FDUnc_beforeUnf.pdf used on input 
line 997.
(pdftex.def)             Requested size: 204.85844pt x 97.1907pt.
 [27 <./pPbplots/simulations/NonPromptspectra_DPt.pdf, page is rotated 90 degre
es> <./pPbplots/simulations/NonPromptspectra_DPt_ratio.pdf, page is rotated 90 
degrees> <./pPbplots/simulations/NonPromptspectra_JetPt_Dpt3_36_effScaled.pdf, 
page is rotated 90 degrees> <./pPbplots/simulations/NonPromptspectra_JetPt_Dpt3
_36_effScaled_ratio.pdf, page is rotated 90 degrees>]
<pPbplots/unfolding/PythiaRM__Djet5Excl_2_bayes5_weight_unfSpectra.png, id=2346
, 698.61pt x 473.77pt>
File: pPbplots/unfolding/PythiaRM__Djet5Excl_2_bayes5_weight_unfSpectra.png Gra
phic file (type png)

<use pPbplots/unfolding/PythiaRM__Djet5Excl_2_bayes5_weight_unfSpectra.png>
Package pdftex.def Info: pPbplots/unfolding/PythiaRM__Djet5Excl_2_bayes5_weight
_unfSpectra.png used on input line 1022.
(pdftex.def)             Requested size: 204.85844pt x 138.92958pt.

<pPbplots/unfolding/PythiaRM__Djet5Excl_2_bayes5_weight_unfRatio.png, id=2347, 
798.985pt x 574.145pt>
File: pPbplots/unfolding/PythiaRM__Djet5Excl_2_bayes5_weight_unfRatio.png Graph
ic file (type png)

<use pPbplots/unfolding/PythiaRM__Djet5Excl_2_bayes5_weight_unfRatio.png>
Package pdftex.def Info: pPbplots/unfolding/PythiaRM__Djet5Excl_2_bayes5_weight
_unfRatio.png used on input line 1023.
(pdftex.def)             Requested size: 204.85844pt x 147.20663pt.

<pPbplots/unfolding/PythiaRM__Djet5Excl_SVD5_weight_UnfSpectrum.png, id=2348, 6
98.61pt x 473.77pt>
File: pPbplots/unfolding/PythiaRM__Djet5Excl_SVD5_weight_UnfSpectrum.png Graphi
c file (type png)

<use pPbplots/unfolding/PythiaRM__Djet5Excl_SVD5_weight_UnfSpectrum.png>
Package pdftex.def Info: pPbplots/unfolding/PythiaRM__Djet5Excl_SVD5_weight_Unf
Spectrum.png used on input line 1031.
(pdftex.def)             Requested size: 204.85844pt x 138.92958pt.

<pPbplots/unfolding/PythiaRM__Djet5Excl_SVD5_weight_foldedRatio.png, id=2349, 7
98.985pt x 574.145pt>
File: pPbplots/unfolding/PythiaRM__Djet5Excl_SVD5_weight_foldedRatio.png Graphi
c file (type png)

<use pPbplots/unfolding/PythiaRM__Djet5Excl_SVD5_weight_foldedRatio.png>
Package pdftex.def Info: pPbplots/unfolding/PythiaRM__Djet5Excl_SVD5_weight_fol
dedRatio.png used on input line 1032.
(pdftex.def)             Requested size: 204.85844pt x 147.20663pt.

<pPbplots/unfolding/jetSpectra_unfSys.pdf, id=2350, 569.12625pt x 408.52625pt>
File: pPbplots/unfolding/jetSpectra_unfSys.pdf Graphic file (type pdf)

<use pPbplots/unfolding/jetSpectra_unfSys.pdf>
Package pdftex.def Info: pPbplots/unfolding/jetSpectra_unfSys.pdf used on input
 line 1041.
(pdftex.def)             Requested size: 204.85844pt x 147.05063pt.

<pPbplots/unfolding/jetSpectraRatio_unfSys.pdf, id=2351, 569.12625pt x 265.9937
4pt>
File: pPbplots/unfolding/jetSpectraRatio_unfSys.pdf Graphic file (type pdf)
 <use pPbplots/unfolding/jetSpectraRatio_unfSys.pdf>
Package pdftex.def Info: pPbplots/unfolding/jetSpectraRatio_unfSys.pdf used on 
input line 1048.
(pdftex.def)             Requested size: 204.85844pt x 95.74548pt.

<pPbplots/unfolding/jetSpectraSys_unfSys.png, id=2352, 798.985pt x 373.395pt>
File: pPbplots/unfolding/jetSpectraSys_unfSys.png Graphic file (type png)

<use pPbplots/unfolding/jetSpectraSys_unfSys.png>
Package pdftex.def Info: pPbplots/unfolding/jetSpectraSys_unfSys.png used on in
put line 1049.
(pdftex.def)             Requested size: 204.85844pt x 95.73578pt.

<pPbplots/unfolding/hDeltaPt_ptleadbin5_exlcuding_exlD.png, id=2355, 798.985pt 
x 574.145pt>
File: pPbplots/unfolding/hDeltaPt_ptleadbin5_exlcuding_exlD.png Graphic file (t
ype png)
 <use pPbplots/unfolding/hDeltaPt_ptleadbin5_exlcuding_exlD.png>
Package pdftex.def Info: pPbplots/unfolding/hDeltaPt_ptleadbin5_exlcuding_exlD.
png used on input line 1063.
(pdftex.def)             Requested size: 223.0721pt x 160.29518pt.

<pPbplots/unfolding/hDeltaPt_ptleadbin10_exlcuding_exlD.png, id=2356, 798.985pt
 x 574.145pt>
File: pPbplots/unfolding/hDeltaPt_ptleadbin10_exlcuding_exlD.png Graphic file (
type png)
 <use pPbplots/unfolding/hDeltaPt_ptleadbin10_exlcuding_exlD.png>
Package pdftex.def Info: pPbplots/unfolding/hDeltaPt_ptleadbin10_exlcuding_exlD
.png used on input line 1064.
(pdftex.def)             Requested size: 223.0721pt x 160.29518pt.

<pPbplots/unfolding/jetSpectra_afterUnfolding_bkgFlucSys.pdf, id=2357, 569.1262
5pt x 408.52625pt>
File: pPbplots/unfolding/jetSpectra_afterUnfolding_bkgFlucSys.pdf Graphic file 
(type pdf)

<use pPbplots/unfolding/jetSpectra_afterUnfolding_bkgFlucSys.pdf>
Package pdftex.def Info: pPbplots/unfolding/jetSpectra_afterUnfolding_bkgFlucSy
s.pdf used on input line 1071.
(pdftex.def)             Requested size: 223.0721pt x 160.1225pt.

<pPbplots/unfolding/jetSpectraRatio_afterUnfolding_bkgFlucSys.pdf, id=2358, 569
.12625pt x 337.26pt>
File: pPbplots/unfolding/jetSpectraRatio_afterUnfolding_bkgFlucSys.pdf Graphic 
file (type pdf)

<use pPbplots/unfolding/jetSpectraRatio_afterUnfolding_bkgFlucSys.pdf>
Package pdftex.def Info: pPbplots/unfolding/jetSpectraRatio_afterUnfolding_bkgF
lucSys.pdf used on input line 1079.
(pdftex.def)             Requested size: 223.0721pt x 132.18958pt.

<pPbplots/unfolding/jetSpectraSys_afterUnfolding_bkgFlucSys.pdf, id=2359, 569.1
2625pt x 337.26pt>
File: pPbplots/unfolding/jetSpectraSys_afterUnfolding_bkgFlucSys.pdf Graphic fi
le (type pdf)

<use pPbplots/unfolding/jetSpectraSys_afterUnfolding_bkgFlucSys.pdf>
Package pdftex.def Info: pPbplots/unfolding/jetSpectraSys_afterUnfolding_bkgFlu
cSys.pdf used on input line 1080.
(pdftex.def)             Requested size: 223.0721pt x 132.18958pt.
 [28 <./pPbplots/simulations/NonPromptspectra_JetPt_Dpt3_36_effScaled_un.pdf, p
age is rotated 90 degrees> <./pPbplots/jetSpectra/FDUnc_beforeUnf.pdf, page is 
rotated 90 degrees> <./pPbplots/unfolding/PythiaRM__Djet5Excl_2_bayes5_weight_u
nfSpectra.png> <./pPbplots/unfolding/PythiaRM__Djet5Excl_2_bayes5_weight_unfRat
io.png>]
[29 <./pPbplots/unfolding/PythiaRM__Djet5Excl_SVD5_weight_UnfSpectrum.png> <./p
Pbplots/unfolding/PythiaRM__Djet5Excl_SVD5_weight_foldedRatio.png> <./pPbplots/
unfolding/jetSpectra_unfSys.pdf, page is rotated 90 degrees> <./pPbplots/unfold
ing/jetSpectraRatio_unfSys.pdf, page is rotated 90 degrees> <./pPbplots/unfoldi
ng/jetSpectraSys_unfSys.png>]
<pPbplots/unfolding/jetSpectra_JESsys.pdf, id=2547, 569.12625pt x 408.52625pt>
File: pPbplots/unfolding/jetSpectra_JESsys.pdf Graphic file (type pdf)

<use pPbplots/unfolding/jetSpectra_JESsys.pdf>
Package pdftex.def Info: pPbplots/unfolding/jetSpectra_JESsys.pdf used on input
 line 1098.
(pdftex.def)             Requested size: 223.0721pt x 160.1225pt.

<pPbplots/unfolding/jetSpectraRatio_JESsys.pdf, id=2548, 569.12625pt x 265.9937
4pt>
File: pPbplots/unfolding/jetSpectraRatio_JESsys.pdf Graphic file (type pdf)
 <use pPbplots/unfolding/jetSpectraRatio_JESsys.pdf>
Package pdftex.def Info: pPbplots/unfolding/jetSpectraRatio_JESsys.pdf used on 
input line 1099.
(pdftex.def)             Requested size: 223.0721pt x 104.25665pt.

<pPbplots/unfolding/jetSpectraUncFit_JESsys.pdf, id=2549, 569.12625pt x 265.993
74pt>
File: pPbplots/unfolding/jetSpectraUncFit_JESsys.pdf Graphic file (type pdf)
 <use pPbplots/unfolding/jetSpectraUncFit_JESsys.pdf>
Package pdftex.def Info: pPbplots/unfolding/jetSpectraUncFit_JESsys.pdf used on
 input line 1108.
(pdftex.def)             Requested size: 250.38562pt x 117.02542pt.


Package hyperref Warning: Token not allowed in a PDF string (PDFDocEncoding):
(hyperref)                removing `subscript' on input line 1113.

[30 <./pPbplots/unfolding/hDeltaPt_ptleadbin5_exlcuding_exlD.png> <./pPbplots/u
nfolding/hDeltaPt_ptleadbin10_exlcuding_exlD.png> <./pPbplots/unfolding/jetSpec
tra_afterUnfolding_bkgFlucSys.pdf, page is rotated 90 degrees> <./pPbplots/unfo
lding/jetSpectraRatio_afterUnfolding_bkgFlucSys.pdf, page is rotated 90 degrees
> <./pPbplots/unfolding/jetSpectraSys_afterUnfolding_bkgFlucSys.pdf, page is ro
tated 90 degrees>] [31 <./pPbplots/unfolding/jetSpectra_JESsys.pdf, page is rot
ated 90 degrees> <./pPbplots/unfolding/jetSpectraRatio_JESsys.pdf, page is rota
ted 90 degrees> <./pPbplots/unfolding/jetSpectraUncFit_JESsys.pdf, page is rota
ted 90 degrees>]
<pPbplots/jetSpectra/JetPtSpectra_final.pdf, id=2825, 569.12625pt x 440.64626pt
>
File: pPbplots/jetSpectra/JetPtSpectra_final.pdf Graphic file (type pdf)
 <use pPbplots/jetSpectra/JetPtSpectra_final.pdf>
Package pdftex.def Info: pPbplots/jetSpectra/JetPtSpectra_final.pdf used on inp
ut line 1285.
(pdftex.def)             Requested size: 241.2788pt x 186.8116pt.

Underfull \hbox (badness 2318) in paragraph at lines 1286--1286
[]\OT1/ptm/m/n/10.95 Fig. 44: |Un-folded $[]$-jet spec-trum in p--Pb col-li-sio
ns at $[] \OT1/ztmcm/m/n/10.95 = 5\OML/ztmcm/m/it/10.95 :\OT1/ztmcm/m/n/10.95 0
2$ \OT1/ptm/m/n/10.95 TeV com-pared to
 []


<pPbplots/jetSpectra/JetPtSpectra_final_wpp.pdf, id=2826, 569.12625pt x 440.646
26pt>
File: pPbplots/jetSpectra/JetPtSpectra_final_wpp.pdf Graphic file (type pdf)
 <use pPbplots/jetSpectra/JetPtSpectra_final_wpp.pdf>
Package pdftex.def Info: pPbplots/jetSpectra/JetPtSpectra_final_wpp.pdf used on
 input line 1292.
(pdftex.def)             Requested size: 241.2788pt x 186.8116pt.

Underfull \vbox (badness 1789) has occurred while \output is active []

 [32 <./pPbplots/jetSpectra/JetPtSpectra_final.pdf, page is rotated 90 degrees>
]
<pPbplots/simulations/Promptspectra_DPt.pdf, id=2880, 569.12625pt x 367.3725pt>
File: pPbplots/simulations/Promptspectra_DPt.pdf Graphic file (type pdf)
<use pPbplots/simulations/Promptspectra_DPt.pdf>
Package pdftex.def Info: pPbplots/simulations/Promptspectra_DPt.pdf used on inp
ut line 1326.
(pdftex.def)             Requested size: 204.85844pt x 132.23717pt.

<pPbplots/simulations/Promptspectra_DPt_ratio.pdf, id=2881, 569.12625pt x 367.3
725pt>
File: pPbplots/simulations/Promptspectra_DPt_ratio.pdf Graphic file (type pdf)
 <use pPbplots/simulations/Promptspectra_DPt_ratio.pdf>
Package pdftex.def Info: pPbplots/simulations/Promptspectra_DPt_ratio.pdf used 
on input line 1327.
(pdftex.def)             Requested size: 204.85844pt x 132.23717pt.

<pPbplots/simulations/Promptspectra_JetPt_Dpt3_36.pdf, id=2882, 569.12625pt x 3
67.3725pt>
File: pPbplots/simulations/Promptspectra_JetPt_Dpt3_36.pdf Graphic file (type p
df)
 <use pPbplots/simulations/Promptspectra_JetPt_Dpt3_36.pdf>
Package pdftex.def Info: pPbplots/simulations/Promptspectra_JetPt_Dpt3_36.pdf u
sed on input line 1335.
(pdftex.def)             Requested size: 204.85844pt x 132.23717pt.

<pPbplots/simulations/Promptspectra_JetPt_Dpt3_36_ratio.pdf, id=2883, 569.12625
pt x 367.3725pt>
File: pPbplots/simulations/Promptspectra_JetPt_Dpt3_36_ratio.pdf Graphic file (
type pdf)

<use pPbplots/simulations/Promptspectra_JetPt_Dpt3_36_ratio.pdf>
Package pdftex.def Info: pPbplots/simulations/Promptspectra_JetPt_Dpt3_36_ratio
.pdf used on input line 1336.
(pdftex.def)             Requested size: 204.85844pt x 132.23717pt.


Package hyperref Warning: Token not allowed in a PDF string (PDFDocEncoding):
(hyperref)                removing `subscript' on input line 1368.


Overfull \hbox (8.69725pt too wide) in paragraph at lines 1369--1372
\OT1/ptm/m/n/10.95 The ef-fect of the $\OML/ztmcm/m/it/10.95 p[]$ \OT1/ptm/m/n/
10.95 cut in the $[]$-jet dif-fer-en-tial cross sec-tion has been stud-ied in P
OWHEG+PYTHIA6.
 []

[33 <./pPbplots/jetSpectra/JetPtSpectra_final_wpp.pdf, page is rotated 90 degre
es> <./pPbplots/simulations/Promptspectra_DPt.pdf, page is rotated 90 degrees> 
<./pPbplots/simulations/Promptspectra_DPt_ratio.pdf, page is rotated 90 degrees
>]
<pPbplots/simulations/JetSpectra_DptCut.pdf, id=3023, 510.40688pt x 286.06876pt
>
File: pPbplots/simulations/JetSpectra_DptCut.pdf Graphic file (type pdf)
 <use pPbplots/simulations/JetSpectra_DptCut.pdf>
Package pdftex.def Info: pPbplots/simulations/JetSpectra_DptCut.pdf used on inp
ut line 1375.
(pdftex.def)             Requested size: 250.38562pt x 140.33641pt.

<pPbplots/jetSpectra/DstarJet_pPbxsection.pdf, id=3024, 569.12625pt x 549.05125
pt>
File: pPbplots/jetSpectra/DstarJet_pPbxsection.pdf Graphic file (type pdf)
 <use pPbplots/jetSpectra/DstarJet_pPbxsection.pdf>
Package pdftex.def Info: pPbplots/jetSpectra/DstarJet_pPbxsection.pdf used on i
nput line 1389.
(pdftex.def)             Requested size: 241.2788pt x 232.7698pt.

Underfull \hbox (badness 1348) in paragraph at lines 1390--1390
[]\OT1/ptm/m/n/10.95 Fig. 49: |Prompt $\OML/ztmcm/m/it/10.95 D[]$\OT1/ptm/m/n/1
0.95 -jet cross sec-tion in p--Pb col-li-sions at $[] \OT1/ztmcm/m/n/10.95 = 5\
OML/ztmcm/m/it/10.95 :\OT1/ztmcm/m/n/10.95 02$ \OT1/ptm/m/n/10.95 TeV com-pared
 to
 []

(./DJets_pPbrun2_ALICE_analysisNote.bbl [34 <./pPbplots/simulations/Promptspect
ra_JetPt_Dpt3_36.pdf, page is rotated 90 degrees> <./pPbplots/simulations/Promp
tspectra_JetPt_Dpt3_36_ratio.pdf, page is rotated 90 degrees> <./pPbplots/simul
ations/JetSpectra_DptCut.pdf (PNG copy)>]))
Package atveryend Info: Empty hook `BeforeClearDocument' on input line 66.
 [35 <./pPbplots/jetSpectra/DstarJet_pPbxsection.pdf, page is rotated 90 degree
s>]
Package atveryend Info: Empty hook `AfterLastShipout' on input line 66.

(./DJets_pPbrun2_ALICE_analysisNote.aux)
Package atveryend Info: Executing hook `AtVeryEndDocument' on input line 66.
Package atveryend Info: Executing hook `AtEndAfterFileList' on input line 66.
Package rerunfilecheck Info: File `DJets_pPbrun2_ALICE_analysisNote.out' has no
t changed.
(rerunfilecheck)             Checksum: F5AF60F9E9B05B3F110562B9F39ED39B;2567.


LaTeX Warning: There were undefined references.


LaTeX Warning: There were multiply-defined labels.

Package atveryend Info: Empty hook `AtVeryVeryEnd' on input line 66.
 ) 
Here is how much of TeX's memory you used:
 10184 strings out of 493029
 165372 string characters out of 6136234
 266008 words of memory out of 5000000
 13276 multiletter control sequences out of 15000+600000
 58424 words of font info for 128 fonts, out of 8000000 for 9000
 1141 hyphenation exceptions out of 8191
 42i,15n,45p,736b,481s stack positions out of 5000i,500n,10000p,200000b,80000s
{/usr/share/texlive/texmf-dist/fonts/enc/dvips/base/8r.enc}</usr/share/texliv
e/texmf-dist/fonts/type1/public/amsfonts/cm/cmex10.pfb></usr/share/texlive/texm
f-dist/fonts/type1/public/amsfonts/cm/cmmi10.pfb></usr/share/texlive/texmf-dist
/fonts/type1/public/amsfonts/cm/cmr10.pfb></usr/share/texlive/texmf-dist/fonts/
type1/public/amsfonts/cm/cmsy10.pfb></usr/share/texlive/texmf-dist/fonts/type1/
public/amsfonts/cm/cmtt10.pfb></usr/share/texlive/texmf-dist/fonts/type1/urw/sy
mbol/usyr.pfb></usr/share/texlive/texmf-dist/fonts/type1/urw/symbol/usyr.pfb></
usr/share/texlive/texmf-dist/fonts/type1/urw/times/utmb8a.pfb></usr/share/texli
ve/texmf-dist/fonts/type1/urw/times/utmbi8a.pfb></usr/share/texlive/texmf-dist/
fonts/type1/urw/times/utmr8a.pfb></usr/share/texlive/texmf-dist/fonts/type1/urw
/times/utmri8a.pfb>
Output written on DJets_pPbrun2_ALICE_analysisNote.pdf (37 pages, 1551352 bytes
).
PDF statistics:
 3250 PDF objects out of 3580 (max. 8388607)
 1623 compressed objects within 17 object streams
 153 named destinations out of 1000 (max. 500000)
 702 words of extra memory for PDF output out of 10000 (max. 10000000)

